<?xml version="1.0" encoding="UTF-8"?>
<testsuite name="demo.ApplicationTests" time="1.399" tests="6" errors="0" skipped="0" failures="1">
  <properties>
    <property name="java.runtime.name" value="Java(TM) SE Runtime Environment"/>
    <property name="sun.boot.library.path" value="C:\Program Files\Java\jdk1.7.0_40\jre\bin"/>
    <property name="java.vm.version" value="24.0-b56"/>
    <property name="java.vm.vendor" value="Oracle Corporation"/>
    <property name="java.vendor.url" value="http://java.oracle.com/"/>
    <property name="path.separator" value=";"/>
    <property name="guice.disable.misplaced.annotation.check" value="true"/>
    <property name="java.vm.name" value="Java HotSpot(TM) 64-Bit Server VM"/>
    <property name="file.encoding.pkg" value="sun.io"/>
    <property name="user.script" value=""/>
    <property name="user.country" value="US"/>
    <property name="sun.java.launcher" value="SUN_STANDARD"/>
    <property name="sun.os.patch.level" value=""/>
    <property name="java.vm.specification.name" value="Java Virtual Machine Specification"/>
    <property name="user.dir" value="S:\softwares\tut-spring-security-and-angular-js-master\modular"/>
    <property name="java.runtime.version" value="1.7.0_40-b43"/>
    <property name="java.awt.graphicsenv" value="sun.awt.Win32GraphicsEnvironment"/>
    <property name="java.endorsed.dirs" value="C:\Program Files\Java\jdk1.7.0_40\jre\lib\endorsed"/>
    <property name="os.arch" value="amd64"/>
    <property name="java.io.tmpdir" value="C:\Users\RAVICH~1\AppData\Local\Temp\"/>
    <property name="line.separator" value="&#10;"/>
    <property name="java.vm.specification.vendor" value="Oracle Corporation"/>
    <property name="user.variant" value=""/>
    <property name="os.name" value="Windows 8"/>
    <property name="classworlds.conf" value="S:\VS_WS\sbi-static-content\.metadata\.plugins\org.eclipse.m2e.launching\launches\m2conf7738508928253780147.tmp"/>
    <property name="sun.jnu.encoding" value="Cp1252"/>
    <property name="java.library.path" value="C:\Program Files\Java\jdk1.7.0_40\bin;C:\WINDOWS\Sun\Java\bin;C:\WINDOWS\system32;C:\WINDOWS;C:/Program Files/Java/jdk1.7.0_40/bin/../jre/bin/server;C:/Program Files/Java/jdk1.7.0_40/bin/../jre/bin;C:/Program Files/Java/jdk1.7.0_40/bin/../jre/lib/amd64;S:\app\ravichandra\product\11.2.0\client_1;S:\oracleinstallatio\app\oracle\product\11.2.0\server\bin;;S:\oracleinstallatio\app\oracle\product\11.2.0\server\bin;C:\Program Files\Java\jdk1.7.0_40\bin;C:\Program Files (x86)\Intel\iCLS Client\;C:\Program Files\Intel\iCLS Client\;C:\WINDOWS\SysWOW64;C:\WINDOWS;C:\WINDOWS\System32\Wbem;C:\WINDOWS\System32\WindowsPowerShell\v1.0\;C:\Program Files (x86)\EgisTec MyWinLocker\x64;C:\Program Files (x86)\EgisTec MyWinLocker\;C:\Program Files (x86)\Intel\OpenCL SDK\2.0\bin\x86;C:\Program Files (x86)\Intel\OpenCL SDK\2.0\bin\x64;C:\Program Files\Intel\Intel(R) Management Engine Components\DAL;C:\Program Files\Intel\Intel(R) Management Engine Components\IPT;C:\Program Files (x86)\Intel\Intel(R) Management Engine Components\DAL;C:\Program Files (x86)\Intel\Intel(R) Management Engine Components\IPT;C:\Program Files\Microsoft SQL Server\110\Tools\Binn\;C:\Program Files (x86)\Git\cmd;S:\softwares\gradle-1.12\bin;S:\softwares\groovy-2.4.1\bin;C:\Program Files (x86)\Brackets\command;C:\Program Files\Microsoft SQL Server\Client SDK\ODBC\110\Tools\Binn\;C:\Program Files (x86)\Microsoft SQL Server\120\Tools\Binn\;C:\Program Files\Microsoft SQL Server\120\Tools\Binn\;C:\Program Files\Microsoft SQL Server\120\DTS\Binn\;C:\Program Files\Git\cmd;C:\Program Files (x86)\Skype\Phone\;C:\Program Files\nodejs\;S:\Python27\;S:\Python27\Scripts\;C:\Program Files\apache-maven-3.5.0\bin;C:\Program Files\Java\jdk1.7.0_40\bin;C:\Program Files (x86)\Intel\iCLS Client\;C:\Program Files\Intel\iCLS Client\;C:\WINDOWS\system32;C:\WINDOWS;C:\WINDOWS\System32\Wbem;C:\WINDOWS\System32\WindowsPowerShell\v1.0\;C:\Program Files (x86)\EgisTec MyWinLocker\x64;C:\Program Files (x86)\EgisTec MyWinLocker\;C:\Program Files (x86)\Intel\OpenCL SDK\2.0\bin\x86;C:\Program Files (x86)\Intel\OpenCL SDK\2.0\bin\x64;C:\Program Files\Intel\Intel(R) Management Engine Components\DAL;C:\Program Files\Intel\Intel(R) Management Engine Components\IPT;C:\Program Files (x86)\Intel\Intel(R) Management Engine Components\DAL;C:\Program Files (x86)\Intel\Intel(R) Management Engine Components\IPT;C:\Program Files\Microsoft SQL Server\110\Tools\Binn\;C:\Program Files (x86)\Git\cmd;S:\softwares\gradle-1.12\bin;S:\softwares\groovy-2.4.1\bin;C:\Program Files (x86)\Brackets\command;C:\Program Files\Microsoft SQL Server\Client SDK\ODBC\110\Tools\Binn\;C:\Program Files (x86)\Microsoft SQL Server\120\Tools\Binn\;C:\Program Files\Microsoft ;C:\Users\ravichandra\AppData\Local\Google\Cloud SDK\google-cloud-sdk\bin;C:\Program Files (x86)\Microsoft VS Code\bin;S:\softwares\spring-tool-suite-3.6.4.RELEASE-e4.4.2-win32-x86_64\sts-bundle\sts-3.6.4.RELEASE;;."/>
    <property name="java.specification.name" value="Java Platform API Specification"/>
    <property name="java.class.version" value="51.0"/>
    <property name="sun.management.compiler" value="HotSpot 64-Bit Tiered Compilers"/>
    <property name="os.version" value="6.2"/>
    <property name="user.home" value="C:\Users\ravichandra"/>
    <property name="user.timezone" value="Asia/Calcutta"/>
    <property name="java.awt.printerjob" value="sun.awt.windows.WPrinterJob"/>
    <property name="java.specification.version" value="1.7"/>
    <property name="file.encoding" value="Cp1252"/>
    <property name="user.name" value="ravichandra"/>
    <property name="java.class.path" value="/S:/softwares/spring-tool-suite-3.6.4.RELEASE-e4.4.2-win32-x86_64/sts-bundle/sts-3.6.4.RELEASE/plugins/org.eclipse.m2e.maven.runtime_1.5.1.20150109-1819/jars/plexus-classworlds-2.5.1.jar"/>
    <property name="org.slf4j.simpleLogger.defaultLogLevel" value="info"/>
    <property name="java.vm.specification.version" value="1.7"/>
    <property name="sun.arch.data.model" value="64"/>
    <property name="java.home" value="C:\Program Files\Java\jdk1.7.0_40\jre"/>
    <property name="sun.java.command" value="org.codehaus.plexus.classworlds.launcher.Launcher -B install"/>
    <property name="java.specification.vendor" value="Oracle Corporation"/>
    <property name="user.language" value="en"/>
    <property name="awt.toolkit" value="sun.awt.windows.WToolkit"/>
    <property name="java.vm.info" value="mixed mode"/>
    <property name="java.version" value="1.7.0_40"/>
    <property name="java.ext.dirs" value="C:\Program Files\Java\jdk1.7.0_40\jre\lib\ext;C:\WINDOWS\Sun\Java\lib\ext"/>
    <property name="sun.boot.class.path" value="C:\Program Files\Java\jdk1.7.0_40\jre\lib\resources.jar;C:\Program Files\Java\jdk1.7.0_40\jre\lib\rt.jar;C:\Program Files\Java\jdk1.7.0_40\jre\lib\sunrsasign.jar;C:\Program Files\Java\jdk1.7.0_40\jre\lib\jsse.jar;C:\Program Files\Java\jdk1.7.0_40\jre\lib\jce.jar;C:\Program Files\Java\jdk1.7.0_40\jre\lib\charsets.jar;C:\Program Files\Java\jdk1.7.0_40\jre\lib\jfr.jar;C:\Program Files\Java\jdk1.7.0_40\jre\classes"/>
    <property name="java.vendor" value="Oracle Corporation"/>
    <property name="maven.home" value="S:\softwares\tut-spring-security-and-angular-js-master\modular\EMBEDDED"/>
    <property name="file.separator" value="\"/>
    <property name="java.vendor.url.bug" value="http://bugreport.sun.com/bugreport/"/>
    <property name="sun.cpu.endian" value="little"/>
    <property name="sun.io.unicode.encoding" value="UnicodeLittle"/>
    <property name="sun.desktop" value="windows"/>
    <property name="sun.cpu.isalist" value="amd64"/>
  </properties>
  <testcase name="userEndpointProtected" classname="demo.ApplicationTests" time="0.525"/>
  <testcase name="homePageLoads" classname="demo.ApplicationTests" time="0.251"/>
  <testcase name="jsPageLoads" classname="demo.ApplicationTests" time="0.155">
    <failure message="&#10;Expecting:&#10; &lt;&quot;var RequestOptionsService = ng.core.Class({&#10;    extends: ng.http.BaseRequestOptions,&#10;    constructor : function() {},&#10;    merge: function(opts) {&#10;        opts.headers = new ng.http.Headers(opts.headers ? opts.headers : {});&#10;        opts.headers.set(&apos;X-Requested-With&apos;, &apos;XMLHttpRequest&apos;);&#10;        return opts.merge(opts);&#10;    }&#10;});&#10;&#10;var routes = [&#10;    { path: &apos;&apos;, pathMatch: &apos;full&apos;, redirectTo: &apos;home&apos;},&#10;    { path: &apos;home&apos;, component: HomeComponent},&#10;    { path: &apos;login&apos;, component: LoginComponent}&#10;];&#10;&#10;var AppModule = ng.core.NgModule({&#10;    imports: [ng.platformBrowser.BrowserModule, ng.http.HttpModule,&#10;            ng.router.RouterModule.forRoot(routes), ng.forms.FormsModule],&#10;    declarations: [HomeComponent, LoginComponent, AppComponent],&#10;    providers : [{ provide: ng.http.RequestOptions, useClass: RequestOptionsService }],&#10;    bootstrap: [AppComponent]&#10;  }).Class({constructor : function(){}});&#10;&#10;document.addEventListener(&apos;DOMContentLoaded&apos;, function() {&#10;    ng.platformBrowserDynamic.platformBrowserDynamic().bootstrapModule(AppModule);&#10;});&#10;&quot;&gt;&#10;to contain:&#10; &lt;&quot;$routeProvider&quot;&gt; " type="java.lang.AssertionError"><![CDATA[java.lang.AssertionError: 
Expecting:
 <"var RequestOptionsService = ng.core.Class({
    extends: ng.http.BaseRequestOptions,
    constructor : function() {},
    merge: function(opts) {
        opts.headers = new ng.http.Headers(opts.headers ? opts.headers : {});
        opts.headers.set('X-Requested-With', 'XMLHttpRequest');
        return opts.merge(opts);
    }
});

var routes = [
    { path: '', pathMatch: 'full', redirectTo: 'home'},
    { path: 'home', component: HomeComponent},
    { path: 'login', component: LoginComponent}
];

var AppModule = ng.core.NgModule({
    imports: [ng.platformBrowser.BrowserModule, ng.http.HttpModule,
            ng.router.RouterModule.forRoot(routes), ng.forms.FormsModule],
    declarations: [HomeComponent, LoginComponent, AppComponent],
    providers : [{ provide: ng.http.RequestOptions, useClass: RequestOptionsService }],
    bootstrap: [AppComponent]
  }).Class({constructor : function(){}});

document.addEventListener('DOMContentLoaded', function() {
    ng.platformBrowserDynamic.platformBrowserDynamic().bootstrapModule(AppModule);
});
">
to contain:
 <"$routeProvider"> 
	at demo.ApplicationTests.jsPageLoads(ApplicationTests.java:37)
]]></failure>
    <system-out><![CDATA[2017-11-06 09:01:59.391 DEBUG 2468 --- [o-auto-1-exec-2] o.s.s.w.a.ExceptionTranslationFilter     : Chain processed normally
2017-11-06 09:01:59.392 DEBUG 2468 --- [o-auto-1-exec-2] o.s.s.w.a.ExceptionTranslationFilter     : Chain processed normally
2017-11-06 09:01:59.393 DEBUG 2468 --- [o-auto-1-exec-2] s.s.w.c.SecurityContextPersistenceFilter : SecurityContextHolder now cleared, as request processing completed
2017-11-06 09:01:59.409 DEBUG 2468 --- [o-auto-1-exec-3] o.s.s.web.util.matcher.OrRequestMatcher  : Trying to match using Ant [pattern='/css/**']
2017-11-06 09:01:59.409 DEBUG 2468 --- [o-auto-1-exec-3] o.s.s.w.u.matcher.AntPathRequestMatcher  : Checking match of request : '/js/hello.js'; against '/css/**'
2017-11-06 09:01:59.409 DEBUG 2468 --- [o-auto-1-exec-3] o.s.s.web.util.matcher.OrRequestMatcher  : Trying to match using Ant [pattern='/js/**']
2017-11-06 09:01:59.409 DEBUG 2468 --- [o-auto-1-exec-3] o.s.s.w.u.matcher.AntPathRequestMatcher  : Checking match of request : '/js/hello.js'; against '/js/**'
2017-11-06 09:01:59.409 DEBUG 2468 --- [o-auto-1-exec-3] o.s.s.web.util.matcher.OrRequestMatcher  : matched
2017-11-06 09:01:59.409 DEBUG 2468 --- [o-auto-1-exec-3] o.s.security.web.FilterChainProxy        : /js/hello.js has an empty filter list
]]></system-out>
  </testcase>
  <testcase name="resourceEndpointProtected" classname="demo.ApplicationTests" time="0.103"/>
  <testcase name="redirectHome" classname="demo.ApplicationTests" time="0.226"/>
  <testcase name="loginSucceeds" classname="demo.ApplicationTests" time="0.139"/>
</testsuite>